<?xml version="1.0" encoding="UTF-8" ?>
<testsuite errors="0" failures="0" hostname="kevin-pc" name="calculatrice.FunctionTest" skipped="0" tests="2" time="0.187" timestamp="2015-11-18T20:15:44">
  <properties>
[...]
</properties>
  <testcase classname="calculatrice.FunctionTest" name="testMultiplication" time="0.003" />
  <testcase classname="calculatrice.FunctionTest" name="testAddition" time="0.0" />
  <system-out><![CDATA[multiplication
addition
]]></system-out>
  <system-err><![CDATA[]]></system-err>
</testsuite>
